<?xml version="1.0" encoding="UTF-8"?>
<coverage generated="1764773833">
  <project timestamp="1764773833">
    <file name="/app/src/Container/Container.php">
      <class name="MarekBaron\Container\Container" namespace="global">
        <metrics complexity="18" methods="6" coveredmethods="5" conditionals="0" coveredconditionals="0" statements="45" coveredstatements="44" elements="51" coveredelements="49"/>
      </class>
      <line num="28" type="method" name="__construct" visibility="public" complexity="1" crap="1" count="10"/>
      <line num="30" type="stmt" count="10"/>
      <line num="31" type="stmt" count="10"/>
      <line num="32" type="stmt" count="10"/>
      <line num="33" type="stmt" count="10"/>
      <line num="34" type="stmt" count="10"/>
      <line num="37" type="method" name="get" visibility="public" complexity="6" crap="6" count="9"/>
      <line num="39" type="stmt" count="9"/>
      <line num="41" type="stmt" count="9"/>
      <line num="42" type="stmt" count="1"/>
      <line num="44" type="stmt" count="9"/>
      <line num="45" type="stmt" count="2"/>
      <line num="49" type="stmt" count="4"/>
      <line num="50" type="stmt" count="7"/>
      <line num="51" type="stmt" count="4"/>
      <line num="52" type="stmt" count="1"/>
      <line num="53" type="stmt" count="1"/>
      <line num="54" type="stmt" count="1"/>
      <line num="55" type="stmt" count="4"/>
      <line num="56" type="stmt" count="3"/>
      <line num="57" type="stmt" count="2"/>
      <line num="58" type="stmt" count="1"/>
      <line num="59" type="stmt" count="1"/>
      <line num="60" type="stmt" count="1"/>
      <line num="61" type="stmt" count="1"/>
      <line num="62" type="stmt" count="1"/>
      <line num="63" type="stmt" count="1"/>
      <line num="66" type="stmt" count="4"/>
      <line num="67" type="stmt" count="1"/>
      <line num="70" type="stmt" count="4"/>
      <line num="73" type="method" name="has" visibility="public" complexity="4" crap="4" count="1"/>
      <line num="75" type="stmt" count="1"/>
      <line num="77" type="stmt" count="1"/>
      <line num="78" type="stmt" count="1"/>
      <line num="79" type="stmt" count="1"/>
      <line num="80" type="stmt" count="1"/>
      <line num="83" type="method" name="createFromFactory" visibility="private" complexity="4" crap="4" count="3"/>
      <line num="85" type="stmt" count="3"/>
      <line num="87" type="stmt" count="3"/>
      <line num="88" type="stmt" count="1"/>
      <line num="91" type="stmt" count="2"/>
      <line num="92" type="stmt" count="1"/>
      <line num="93" type="stmt" count="1"/>
      <line num="96" type="stmt" count="1"/>
      <line num="99" type="method" name="createFromInvokable" visibility="private" complexity="2" crap="2" count="3"/>
      <line num="101" type="stmt" count="3"/>
      <line num="103" type="stmt" count="3"/>
      <line num="104" type="stmt" count="1"/>
      <line num="107" type="stmt" count="2"/>
      <line num="110" type="method" name="isShared" visibility="private" complexity="1" crap="2" count="0"/>
      <line num="112" type="stmt" count="0"/>
      <metrics loc="115" ncloc="110" classes="1" methods="6" coveredmethods="5" conditionals="0" coveredconditionals="0" statements="45" coveredstatements="44" elements="51" coveredelements="49"/>
    </file>
    <file name="/app/src/Container/Exception/ContainerException.php">
      <class name="MarekBaron\Container\Exception\ContainerException" namespace="global">
        <metrics complexity="1" methods="1" coveredmethods="1" conditionals="0" coveredconditionals="0" statements="1" coveredstatements="1" elements="2" coveredelements="2"/>
      </class>
      <line num="18" type="method" name="__construct" visibility="public" complexity="1" crap="1" count="3"/>
      <line num="20" type="stmt" count="3"/>
      <metrics loc="23" ncloc="18" classes="1" methods="1" coveredmethods="1" conditionals="0" coveredconditionals="0" statements="1" coveredstatements="1" elements="2" coveredelements="2"/>
    </file>
    <file name="/app/src/Container/Exception/NotFoundException.php">
      <class name="MarekBaron\Container\Exception\NotFoundException" namespace="global">
        <metrics complexity="1" methods="1" coveredmethods="1" conditionals="0" coveredconditionals="0" statements="1" coveredstatements="1" elements="2" coveredelements="2"/>
      </class>
      <line num="18" type="method" name="__construct" visibility="public" complexity="1" crap="1" count="2"/>
      <line num="20" type="stmt" count="2"/>
      <metrics loc="23" ncloc="18" classes="1" methods="1" coveredmethods="1" conditionals="0" coveredconditionals="0" statements="1" coveredstatements="1" elements="2" coveredelements="2"/>
    </file>
    <metrics files="3" loc="161" ncloc="146" classes="3" methods="8" coveredmethods="7" conditionals="0" coveredconditionals="0" statements="47" coveredstatements="46" elements="55" coveredelements="53"/>
  </project>
</coverage>
